[1.459s] Invoking command in '/home/chttioui/sy31_ws/src/SY31-Cartographie-Guidee-P26/build/projet': DEBUGINFOD_URLS=https://debuginfod.ubuntu.com PYTHONPATH=/home/chttioui/sy31_ws/src/SY31-Cartographie-Guidee-P26/build/projet/prefix_override:/usr/lib/python3/dist-packages/colcon_core/task/python/colcon_distutils_commands:/home/chttioui/sy31_ws/src/SY31-Cartographie-Guidee-P26/install/projet/lib/python3.12/site-packages:${PYTHONPATH} /usr/bin/python3 -W ignore:setup.py install is deprecated -W ignore:easy_install command is deprecated setup.py develop --editable --build-directory /home/chttioui/sy31_ws/src/SY31-Cartographie-Guidee-P26/build/projet/build --no-deps symlink_data
[1.876s] running develop
[2.146s] running egg_info
[2.171s] writing projet.egg-info/PKG-INFO
[2.171s] writing dependency_links to projet.egg-info/dependency_links.txt
[2.172s] writing entry points to projet.egg-info/entry_points.txt
[2.172s] writing requirements to projet.egg-info/requires.txt
[2.172s] writing top-level names to projet.egg-info/top_level.txt
[2.225s] reading manifest file 'projet.egg-info/SOURCES.txt'
[2.226s] writing manifest file 'projet.egg-info/SOURCES.txt'
[2.253s] running build_ext
[2.253s] Creating /home/chttioui/sy31_ws/src/SY31-Cartographie-Guidee-P26/install/projet/lib/python3.12/site-packages/projet.egg-link (link to .)
[2.254s] Installing arrow_clusterer script to /home/chttioui/sy31_ws/src/SY31-Cartographie-Guidee-P26/install/projet/lib/projet
[2.254s] Installing arrow_detector script to /home/chttioui/sy31_ws/src/SY31-Cartographie-Guidee-P26/install/projet/lib/projet
[2.255s] Installing cluster script to /home/chttioui/sy31_ws/src/SY31-Cartographie-Guidee-P26/install/projet/lib/projet
[2.255s] Installing inten script to /home/chttioui/sy31_ws/src/SY31-Cartographie-Guidee-P26/install/projet/lib/projet
[2.255s] Installing map_transformer script to /home/chttioui/sy31_ws/src/SY31-Cartographie-Guidee-P26/install/projet/lib/projet
[2.255s] Installing odom_node script to /home/chttioui/sy31_ws/src/SY31-Cartographie-Guidee-P26/install/projet/lib/projet
[2.255s] Installing tf_publisher script to /home/chttioui/sy31_ws/src/SY31-Cartographie-Guidee-P26/install/projet/lib/projet
[2.255s] Installing trans script to /home/chttioui/sy31_ws/src/SY31-Cartographie-Guidee-P26/install/projet/lib/projet
[2.256s] 
[2.256s] Installed /home/chttioui/sy31_ws/src/SY31-Cartographie-Guidee-P26/build/projet
[2.256s] running symlink_data
[2.302s] Invoked command in '/home/chttioui/sy31_ws/src/SY31-Cartographie-Guidee-P26/build/projet' returned '0': DEBUGINFOD_URLS=https://debuginfod.ubuntu.com PYTHONPATH=/home/chttioui/sy31_ws/src/SY31-Cartographie-Guidee-P26/build/projet/prefix_override:/usr/lib/python3/dist-packages/colcon_core/task/python/colcon_distutils_commands:/home/chttioui/sy31_ws/src/SY31-Cartographie-Guidee-P26/install/projet/lib/python3.12/site-packages:${PYTHONPATH} /usr/bin/python3 -W ignore:setup.py install is deprecated -W ignore:easy_install command is deprecated setup.py develop --editable --build-directory /home/chttioui/sy31_ws/src/SY31-Cartographie-Guidee-P26/build/projet/build --no-deps symlink_data
