running develop
running egg_info
creating projet.egg-info
writing projet.egg-info/PKG-INFO
writing dependency_links to projet.egg-info/dependency_links.txt
writing entry points to projet.egg-info/entry_points.txt
writing requirements to projet.egg-info/requires.txt
writing top-level names to projet.egg-info/top_level.txt
writing manifest file 'projet.egg-info/SOURCES.txt'
reading manifest file 'projet.egg-info/SOURCES.txt'
writing manifest file 'projet.egg-info/SOURCES.txt'
running build_ext
Creating /home/chttioui/sy31_ws/src/SY31-Cartographie-Guidee-P26/install/projet/lib/python3.12/site-packages/projet.egg-link (link to .)
Installing arrow_clusterer script to /home/chttioui/sy31_ws/src/SY31-Cartographie-Guidee-P26/install/projet/lib/projet
Installing arrow_detector script to /home/chttioui/sy31_ws/src/SY31-Cartographie-Guidee-P26/install/projet/lib/projet
Installing cluster script to /home/chttioui/sy31_ws/src/SY31-Cartographie-Guidee-P26/install/projet/lib/projet
Installing inten script to /home/chttioui/sy31_ws/src/SY31-Cartographie-Guidee-P26/install/projet/lib/projet
Installing map_transformer script to /home/chttioui/sy31_ws/src/SY31-Cartographie-Guidee-P26/install/projet/lib/projet
Installing odom_node script to /home/chttioui/sy31_ws/src/SY31-Cartographie-Guidee-P26/install/projet/lib/projet
Installing tf_publisher script to /home/chttioui/sy31_ws/src/SY31-Cartographie-Guidee-P26/install/projet/lib/projet
Installing trans script to /home/chttioui/sy31_ws/src/SY31-Cartographie-Guidee-P26/install/projet/lib/projet

Installed /home/chttioui/sy31_ws/src/SY31-Cartographie-Guidee-P26/build/projet
running symlink_data
creating /home/chttioui/sy31_ws/src/SY31-Cartographie-Guidee-P26/install/projet/share/ament_index
creating /home/chttioui/sy31_ws/src/SY31-Cartographie-Guidee-P26/install/projet/share/ament_index/resource_index
creating /home/chttioui/sy31_ws/src/SY31-Cartographie-Guidee-P26/install/projet/share/ament_index/resource_index/packages
symbolically linking /home/chttioui/sy31_ws/src/SY31-Cartographie-Guidee-P26/build/projet/resource/projet -> /home/chttioui/sy31_ws/src/SY31-Cartographie-Guidee-P26/install/projet/share/ament_index/resource_index/packages
symbolically linking /home/chttioui/sy31_ws/src/SY31-Cartographie-Guidee-P26/build/projet/package.xml -> /home/chttioui/sy31_ws/src/SY31-Cartographie-Guidee-P26/install/projet/share/projet
creating /home/chttioui/sy31_ws/src/SY31-Cartographie-Guidee-P26/install/projet/share/projet/launch
symbolically linking /home/chttioui/sy31_ws/src/SY31-Cartographie-Guidee-P26/build/projet/launch/labyrinthe.launch.xml -> /home/chttioui/sy31_ws/src/SY31-Cartographie-Guidee-P26/install/projet/share/projet/launch
creating /home/chttioui/sy31_ws/src/SY31-Cartographie-Guidee-P26/install/projet/share/projet/rviz
symbolically linking /home/chttioui/sy31_ws/src/SY31-Cartographie-Guidee-P26/build/projet/rviz/projet.rviz -> /home/chttioui/sy31_ws/src/SY31-Cartographie-Guidee-P26/install/projet/share/projet/rviz
