[0.829s] Invoking command in '/home/chttioui/sy31_ws/src/SY31-Cartographie-Guidee-P26/build/projet': DEBUGINFOD_URLS=https://debuginfod.ubuntu.com PYTHONPATH=/home/chttioui/sy31_ws/src/SY31-Cartographie-Guidee-P26/build/projet/prefix_override:/usr/lib/python3/dist-packages/colcon_core/task/python/colcon_distutils_commands:/home/chttioui/sy31_ws/src/SY31-Cartographie-Guidee-P26/install/projet/lib/python3.12/site-packages:${PYTHONPATH} /usr/bin/python3 -W ignore:setup.py install is deprecated -W ignore:easy_install command is deprecated setup.py develop --editable --build-directory /home/chttioui/sy31_ws/src/SY31-Cartographie-Guidee-P26/build/projet/build --no-deps symlink_data
[1.168s] running develop
[1.392s] running egg_info
[1.392s] creating projet.egg-info
[1.415s] writing projet.egg-info/PKG-INFO
[1.415s] writing dependency_links to projet.egg-info/dependency_links.txt
[1.415s] writing entry points to projet.egg-info/entry_points.txt
[1.416s] writing requirements to projet.egg-info/requires.txt
[1.416s] writing top-level names to projet.egg-info/top_level.txt
[1.416s] writing manifest file 'projet.egg-info/SOURCES.txt'
[1.459s] reading manifest file 'projet.egg-info/SOURCES.txt'
[1.460s] writing manifest file 'projet.egg-info/SOURCES.txt'
[1.483s] running build_ext
[1.483s] Creating /home/chttioui/sy31_ws/src/SY31-Cartographie-Guidee-P26/install/projet/lib/python3.12/site-packages/projet.egg-link (link to .)
[1.484s] Installing arrow_clusterer script to /home/chttioui/sy31_ws/src/SY31-Cartographie-Guidee-P26/install/projet/lib/projet
[1.484s] Installing arrow_detector script to /home/chttioui/sy31_ws/src/SY31-Cartographie-Guidee-P26/install/projet/lib/projet
[1.484s] Installing cluster script to /home/chttioui/sy31_ws/src/SY31-Cartographie-Guidee-P26/install/projet/lib/projet
[1.484s] Installing inten script to /home/chttioui/sy31_ws/src/SY31-Cartographie-Guidee-P26/install/projet/lib/projet
[1.484s] Installing map_transformer script to /home/chttioui/sy31_ws/src/SY31-Cartographie-Guidee-P26/install/projet/lib/projet
[1.484s] Installing odom_node script to /home/chttioui/sy31_ws/src/SY31-Cartographie-Guidee-P26/install/projet/lib/projet
[1.485s] Installing tf_publisher script to /home/chttioui/sy31_ws/src/SY31-Cartographie-Guidee-P26/install/projet/lib/projet
[1.485s] Installing trans script to /home/chttioui/sy31_ws/src/SY31-Cartographie-Guidee-P26/install/projet/lib/projet
[1.485s] 
[1.485s] Installed /home/chttioui/sy31_ws/src/SY31-Cartographie-Guidee-P26/build/projet
[1.485s] running symlink_data
[1.485s] creating /home/chttioui/sy31_ws/src/SY31-Cartographie-Guidee-P26/install/projet/share/ament_index
[1.485s] creating /home/chttioui/sy31_ws/src/SY31-Cartographie-Guidee-P26/install/projet/share/ament_index/resource_index
[1.486s] creating /home/chttioui/sy31_ws/src/SY31-Cartographie-Guidee-P26/install/projet/share/ament_index/resource_index/packages
[1.486s] symbolically linking /home/chttioui/sy31_ws/src/SY31-Cartographie-Guidee-P26/build/projet/resource/projet -> /home/chttioui/sy31_ws/src/SY31-Cartographie-Guidee-P26/install/projet/share/ament_index/resource_index/packages
[1.486s] symbolically linking /home/chttioui/sy31_ws/src/SY31-Cartographie-Guidee-P26/build/projet/package.xml -> /home/chttioui/sy31_ws/src/SY31-Cartographie-Guidee-P26/install/projet/share/projet
[1.486s] creating /home/chttioui/sy31_ws/src/SY31-Cartographie-Guidee-P26/install/projet/share/projet/launch
[1.486s] symbolically linking /home/chttioui/sy31_ws/src/SY31-Cartographie-Guidee-P26/build/projet/launch/labyrinthe.launch.xml -> /home/chttioui/sy31_ws/src/SY31-Cartographie-Guidee-P26/install/projet/share/projet/launch
[1.486s] creating /home/chttioui/sy31_ws/src/SY31-Cartographie-Guidee-P26/install/projet/share/projet/rviz
[1.486s] symbolically linking /home/chttioui/sy31_ws/src/SY31-Cartographie-Guidee-P26/build/projet/rviz/projet.rviz -> /home/chttioui/sy31_ws/src/SY31-Cartographie-Guidee-P26/install/projet/share/projet/rviz
[1.526s] Invoked command in '/home/chttioui/sy31_ws/src/SY31-Cartographie-Guidee-P26/build/projet' returned '0': DEBUGINFOD_URLS=https://debuginfod.ubuntu.com PYTHONPATH=/home/chttioui/sy31_ws/src/SY31-Cartographie-Guidee-P26/build/projet/prefix_override:/usr/lib/python3/dist-packages/colcon_core/task/python/colcon_distutils_commands:/home/chttioui/sy31_ws/src/SY31-Cartographie-Guidee-P26/install/projet/lib/python3.12/site-packages:${PYTHONPATH} /usr/bin/python3 -W ignore:setup.py install is deprecated -W ignore:easy_install command is deprecated setup.py develop --editable --build-directory /home/chttioui/sy31_ws/src/SY31-Cartographie-Guidee-P26/build/projet/build --no-deps symlink_data
