[1.074s] Invoking command in '/home/chttioui/sy31_ws/src/SY31-Cartographie-Guidee-P26/build/projet': DEBUGINFOD_URLS=https://debuginfod.ubuntu.com PYTHONPATH=/home/chttioui/sy31_ws/src/SY31-Cartographie-Guidee-P26/build/projet/prefix_override:/usr/lib/python3/dist-packages/colcon_core/task/python/colcon_distutils_commands:/home/chttioui/sy31_ws/src/SY31-Cartographie-Guidee-P26/install/projet/lib/python3.12/site-packages:${PYTHONPATH} /usr/bin/python3 -W ignore:setup.py install is deprecated -W ignore:easy_install command is deprecated setup.py develop --editable --build-directory /home/chttioui/sy31_ws/src/SY31-Cartographie-Guidee-P26/build/projet/build --no-deps symlink_data
[1.409s] running develop
[1.631s] running egg_info
[1.652s] writing projet.egg-info/PKG-INFO
[1.652s] writing dependency_links to projet.egg-info/dependency_links.txt
[1.652s] writing entry points to projet.egg-info/entry_points.txt
[1.653s] writing requirements to projet.egg-info/requires.txt
[1.653s] writing top-level names to projet.egg-info/top_level.txt
[1.694s] reading manifest file 'projet.egg-info/SOURCES.txt'
[1.695s] writing manifest file 'projet.egg-info/SOURCES.txt'
[1.718s] running build_ext
[1.718s] Creating /home/chttioui/sy31_ws/src/SY31-Cartographie-Guidee-P26/install/projet/lib/python3.12/site-packages/projet.egg-link (link to .)
[1.719s] Installing arrow_clusterer script to /home/chttioui/sy31_ws/src/SY31-Cartographie-Guidee-P26/install/projet/lib/projet
[1.720s] Installing arrow_detector script to /home/chttioui/sy31_ws/src/SY31-Cartographie-Guidee-P26/install/projet/lib/projet
[1.720s] Installing cluster script to /home/chttioui/sy31_ws/src/SY31-Cartographie-Guidee-P26/install/projet/lib/projet
[1.720s] Installing inten script to /home/chttioui/sy31_ws/src/SY31-Cartographie-Guidee-P26/install/projet/lib/projet
[1.720s] Installing map_transformer script to /home/chttioui/sy31_ws/src/SY31-Cartographie-Guidee-P26/install/projet/lib/projet
[1.720s] Installing odom_node script to /home/chttioui/sy31_ws/src/SY31-Cartographie-Guidee-P26/install/projet/lib/projet
[1.720s] Installing tf_publisher script to /home/chttioui/sy31_ws/src/SY31-Cartographie-Guidee-P26/install/projet/lib/projet
[1.721s] Installing trans script to /home/chttioui/sy31_ws/src/SY31-Cartographie-Guidee-P26/install/projet/lib/projet
[1.721s] 
[1.721s] Installed /home/chttioui/sy31_ws/src/SY31-Cartographie-Guidee-P26/build/projet
[1.721s] running symlink_data
[1.758s] Invoked command in '/home/chttioui/sy31_ws/src/SY31-Cartographie-Guidee-P26/build/projet' returned '0': DEBUGINFOD_URLS=https://debuginfod.ubuntu.com PYTHONPATH=/home/chttioui/sy31_ws/src/SY31-Cartographie-Guidee-P26/build/projet/prefix_override:/usr/lib/python3/dist-packages/colcon_core/task/python/colcon_distutils_commands:/home/chttioui/sy31_ws/src/SY31-Cartographie-Guidee-P26/install/projet/lib/python3.12/site-packages:${PYTHONPATH} /usr/bin/python3 -W ignore:setup.py install is deprecated -W ignore:easy_install command is deprecated setup.py develop --editable --build-directory /home/chttioui/sy31_ws/src/SY31-Cartographie-Guidee-P26/build/projet/build --no-deps symlink_data
