running egg_info
writing build/projet/projet.egg-info/PKG-INFO
writing dependency_links to build/projet/projet.egg-info/dependency_links.txt
writing entry points to build/projet/projet.egg-info/entry_points.txt
writing requirements to build/projet/projet.egg-info/requires.txt
writing top-level names to build/projet/projet.egg-info/top_level.txt
reading manifest file 'build/projet/projet.egg-info/SOURCES.txt'
writing manifest file 'build/projet/projet.egg-info/SOURCES.txt'
running build
running build_py
copying projet/odom_node.py -> /home/chttioui/sy31_ws/src/SY31-Cartographie-Guidee-P26/projet/build/projet/build/lib/projet
running install
running install_lib
copying /home/chttioui/sy31_ws/src/SY31-Cartographie-Guidee-P26/projet/build/projet/build/lib/projet/odom_node.py -> /home/chttioui/sy31_ws/src/SY31-Cartographie-Guidee-P26/projet/install/projet/lib/python3.12/site-packages/projet
byte-compiling /home/chttioui/sy31_ws/src/SY31-Cartographie-Guidee-P26/projet/install/projet/lib/python3.12/site-packages/projet/odom_node.py to odom_node.cpython-312.pyc
running install_data
running install_egg_info
removing '/home/chttioui/sy31_ws/src/SY31-Cartographie-Guidee-P26/projet/install/projet/lib/python3.12/site-packages/projet-0.0.0-py3.12.egg-info' (and everything under it)
Copying build/projet/projet.egg-info to /home/chttioui/sy31_ws/src/SY31-Cartographie-Guidee-P26/projet/install/projet/lib/python3.12/site-packages/projet-0.0.0-py3.12.egg-info
running install_scripts
Installing arrow_clusterer script to /home/chttioui/sy31_ws/src/SY31-Cartographie-Guidee-P26/projet/install/projet/lib/projet
Installing arrow_detector script to /home/chttioui/sy31_ws/src/SY31-Cartographie-Guidee-P26/projet/install/projet/lib/projet
Installing cluster script to /home/chttioui/sy31_ws/src/SY31-Cartographie-Guidee-P26/projet/install/projet/lib/projet
Installing inten script to /home/chttioui/sy31_ws/src/SY31-Cartographie-Guidee-P26/projet/install/projet/lib/projet
Installing map_transformer script to /home/chttioui/sy31_ws/src/SY31-Cartographie-Guidee-P26/projet/install/projet/lib/projet
Installing odom_node script to /home/chttioui/sy31_ws/src/SY31-Cartographie-Guidee-P26/projet/install/projet/lib/projet
Installing tf_publisher script to /home/chttioui/sy31_ws/src/SY31-Cartographie-Guidee-P26/projet/install/projet/lib/projet
Installing trans script to /home/chttioui/sy31_ws/src/SY31-Cartographie-Guidee-P26/projet/install/projet/lib/projet
writing list of installed files to '/home/chttioui/sy31_ws/src/SY31-Cartographie-Guidee-P26/projet/build/projet/install.log'
