running egg_info
creating build/projet/projet.egg-info
writing build/projet/projet.egg-info/PKG-INFO
writing dependency_links to build/projet/projet.egg-info/dependency_links.txt
writing entry points to build/projet/projet.egg-info/entry_points.txt
writing requirements to build/projet/projet.egg-info/requires.txt
writing top-level names to build/projet/projet.egg-info/top_level.txt
writing manifest file 'build/projet/projet.egg-info/SOURCES.txt'
reading manifest file 'build/projet/projet.egg-info/SOURCES.txt'
writing manifest file 'build/projet/projet.egg-info/SOURCES.txt'
running build
running build_py
creating /home/chttioui/sy31_ws/src/SY31-Cartographie-Guidee-P26/projet/build/projet/build
creating /home/chttioui/sy31_ws/src/SY31-Cartographie-Guidee-P26/projet/build/projet/build/lib
creating /home/chttioui/sy31_ws/src/SY31-Cartographie-Guidee-P26/projet/build/projet/build/lib/projet
copying projet/__init__.py -> /home/chttioui/sy31_ws/src/SY31-Cartographie-Guidee-P26/projet/build/projet/build/lib/projet
copying projet/odom_node.py -> /home/chttioui/sy31_ws/src/SY31-Cartographie-Guidee-P26/projet/build/projet/build/lib/projet
copying projet/clusterer.py -> /home/chttioui/sy31_ws/src/SY31-Cartographie-Guidee-P26/projet/build/projet/build/lib/projet
copying projet/arrow_detector.py -> /home/chttioui/sy31_ws/src/SY31-Cartographie-Guidee-P26/projet/build/projet/build/lib/projet
copying projet/arrow_clusterer.py -> /home/chttioui/sy31_ws/src/SY31-Cartographie-Guidee-P26/projet/build/projet/build/lib/projet
copying projet/intensity_filter.py -> /home/chttioui/sy31_ws/src/SY31-Cartographie-Guidee-P26/projet/build/projet/build/lib/projet
copying projet/transformer.py -> /home/chttioui/sy31_ws/src/SY31-Cartographie-Guidee-P26/projet/build/projet/build/lib/projet
copying projet/tf_publisher.py -> /home/chttioui/sy31_ws/src/SY31-Cartographie-Guidee-P26/projet/build/projet/build/lib/projet
copying projet/utils.py -> /home/chttioui/sy31_ws/src/SY31-Cartographie-Guidee-P26/projet/build/projet/build/lib/projet
copying projet/map_transformer.py -> /home/chttioui/sy31_ws/src/SY31-Cartographie-Guidee-P26/projet/build/projet/build/lib/projet
running install
running install_lib
creating /home/chttioui/sy31_ws/src/SY31-Cartographie-Guidee-P26/projet/install/projet/lib/python3.12/site-packages/projet
copying /home/chttioui/sy31_ws/src/SY31-Cartographie-Guidee-P26/projet/build/projet/build/lib/projet/__init__.py -> /home/chttioui/sy31_ws/src/SY31-Cartographie-Guidee-P26/projet/install/projet/lib/python3.12/site-packages/projet
copying /home/chttioui/sy31_ws/src/SY31-Cartographie-Guidee-P26/projet/build/projet/build/lib/projet/odom_node.py -> /home/chttioui/sy31_ws/src/SY31-Cartographie-Guidee-P26/projet/install/projet/lib/python3.12/site-packages/projet
copying /home/chttioui/sy31_ws/src/SY31-Cartographie-Guidee-P26/projet/build/projet/build/lib/projet/clusterer.py -> /home/chttioui/sy31_ws/src/SY31-Cartographie-Guidee-P26/projet/install/projet/lib/python3.12/site-packages/projet
copying /home/chttioui/sy31_ws/src/SY31-Cartographie-Guidee-P26/projet/build/projet/build/lib/projet/arrow_detector.py -> /home/chttioui/sy31_ws/src/SY31-Cartographie-Guidee-P26/projet/install/projet/lib/python3.12/site-packages/projet
copying /home/chttioui/sy31_ws/src/SY31-Cartographie-Guidee-P26/projet/build/projet/build/lib/projet/arrow_clusterer.py -> /home/chttioui/sy31_ws/src/SY31-Cartographie-Guidee-P26/projet/install/projet/lib/python3.12/site-packages/projet
copying /home/chttioui/sy31_ws/src/SY31-Cartographie-Guidee-P26/projet/build/projet/build/lib/projet/intensity_filter.py -> /home/chttioui/sy31_ws/src/SY31-Cartographie-Guidee-P26/projet/install/projet/lib/python3.12/site-packages/projet
copying /home/chttioui/sy31_ws/src/SY31-Cartographie-Guidee-P26/projet/build/projet/build/lib/projet/transformer.py -> /home/chttioui/sy31_ws/src/SY31-Cartographie-Guidee-P26/projet/install/projet/lib/python3.12/site-packages/projet
copying /home/chttioui/sy31_ws/src/SY31-Cartographie-Guidee-P26/projet/build/projet/build/lib/projet/tf_publisher.py -> /home/chttioui/sy31_ws/src/SY31-Cartographie-Guidee-P26/projet/install/projet/lib/python3.12/site-packages/projet
copying /home/chttioui/sy31_ws/src/SY31-Cartographie-Guidee-P26/projet/build/projet/build/lib/projet/utils.py -> /home/chttioui/sy31_ws/src/SY31-Cartographie-Guidee-P26/projet/install/projet/lib/python3.12/site-packages/projet
copying /home/chttioui/sy31_ws/src/SY31-Cartographie-Guidee-P26/projet/build/projet/build/lib/projet/map_transformer.py -> /home/chttioui/sy31_ws/src/SY31-Cartographie-Guidee-P26/projet/install/projet/lib/python3.12/site-packages/projet
byte-compiling /home/chttioui/sy31_ws/src/SY31-Cartographie-Guidee-P26/projet/install/projet/lib/python3.12/site-packages/projet/__init__.py to __init__.cpython-312.pyc
byte-compiling /home/chttioui/sy31_ws/src/SY31-Cartographie-Guidee-P26/projet/install/projet/lib/python3.12/site-packages/projet/odom_node.py to odom_node.cpython-312.pyc
byte-compiling /home/chttioui/sy31_ws/src/SY31-Cartographie-Guidee-P26/projet/install/projet/lib/python3.12/site-packages/projet/clusterer.py to clusterer.cpython-312.pyc
byte-compiling /home/chttioui/sy31_ws/src/SY31-Cartographie-Guidee-P26/projet/install/projet/lib/python3.12/site-packages/projet/arrow_detector.py to arrow_detector.cpython-312.pyc
byte-compiling /home/chttioui/sy31_ws/src/SY31-Cartographie-Guidee-P26/projet/install/projet/lib/python3.12/site-packages/projet/arrow_clusterer.py to arrow_clusterer.cpython-312.pyc
byte-compiling /home/chttioui/sy31_ws/src/SY31-Cartographie-Guidee-P26/projet/install/projet/lib/python3.12/site-packages/projet/intensity_filter.py to intensity_filter.cpython-312.pyc
byte-compiling /home/chttioui/sy31_ws/src/SY31-Cartographie-Guidee-P26/projet/install/projet/lib/python3.12/site-packages/projet/transformer.py to transformer.cpython-312.pyc
byte-compiling /home/chttioui/sy31_ws/src/SY31-Cartographie-Guidee-P26/projet/install/projet/lib/python3.12/site-packages/projet/tf_publisher.py to tf_publisher.cpython-312.pyc
byte-compiling /home/chttioui/sy31_ws/src/SY31-Cartographie-Guidee-P26/projet/install/projet/lib/python3.12/site-packages/projet/utils.py to utils.cpython-312.pyc
byte-compiling /home/chttioui/sy31_ws/src/SY31-Cartographie-Guidee-P26/projet/install/projet/lib/python3.12/site-packages/projet/map_transformer.py to map_transformer.cpython-312.pyc
running install_data
creating /home/chttioui/sy31_ws/src/SY31-Cartographie-Guidee-P26/projet/install/projet/share/ament_index
creating /home/chttioui/sy31_ws/src/SY31-Cartographie-Guidee-P26/projet/install/projet/share/ament_index/resource_index
creating /home/chttioui/sy31_ws/src/SY31-Cartographie-Guidee-P26/projet/install/projet/share/ament_index/resource_index/packages
copying resource/projet -> /home/chttioui/sy31_ws/src/SY31-Cartographie-Guidee-P26/projet/install/projet/share/ament_index/resource_index/packages
copying package.xml -> /home/chttioui/sy31_ws/src/SY31-Cartographie-Guidee-P26/projet/install/projet/share/projet
creating /home/chttioui/sy31_ws/src/SY31-Cartographie-Guidee-P26/projet/install/projet/share/projet/launch
copying launch/labyrinthe.launch.xml -> /home/chttioui/sy31_ws/src/SY31-Cartographie-Guidee-P26/projet/install/projet/share/projet/launch
creating /home/chttioui/sy31_ws/src/SY31-Cartographie-Guidee-P26/projet/install/projet/share/projet/rviz
copying rviz/projet.rviz -> /home/chttioui/sy31_ws/src/SY31-Cartographie-Guidee-P26/projet/install/projet/share/projet/rviz
running install_egg_info
Copying build/projet/projet.egg-info to /home/chttioui/sy31_ws/src/SY31-Cartographie-Guidee-P26/projet/install/projet/lib/python3.12/site-packages/projet-0.0.0-py3.12.egg-info
running install_scripts
Installing arrow_clusterer script to /home/chttioui/sy31_ws/src/SY31-Cartographie-Guidee-P26/projet/install/projet/lib/projet
Installing arrow_detector script to /home/chttioui/sy31_ws/src/SY31-Cartographie-Guidee-P26/projet/install/projet/lib/projet
Installing cluster script to /home/chttioui/sy31_ws/src/SY31-Cartographie-Guidee-P26/projet/install/projet/lib/projet
Installing inten script to /home/chttioui/sy31_ws/src/SY31-Cartographie-Guidee-P26/projet/install/projet/lib/projet
Installing map_transformer script to /home/chttioui/sy31_ws/src/SY31-Cartographie-Guidee-P26/projet/install/projet/lib/projet
Installing odom_node script to /home/chttioui/sy31_ws/src/SY31-Cartographie-Guidee-P26/projet/install/projet/lib/projet
Installing tf_publisher script to /home/chttioui/sy31_ws/src/SY31-Cartographie-Guidee-P26/projet/install/projet/lib/projet
Installing trans script to /home/chttioui/sy31_ws/src/SY31-Cartographie-Guidee-P26/projet/install/projet/lib/projet
writing list of installed files to '/home/chttioui/sy31_ws/src/SY31-Cartographie-Guidee-P26/projet/build/projet/install.log'
