[1.326s] Invoking command in '/home/chttioui/sy31_ws/src/SY31-Cartographie-Guidee-P26/projet': DEBUGINFOD_URLS=https://debuginfod.ubuntu.com PYTHONPATH=/home/chttioui/sy31_ws/src/SY31-Cartographie-Guidee-P26/projet/build/projet/prefix_override:/usr/lib/python3/dist-packages/colcon_core/task/python/colcon_distutils_commands:/home/chttioui/sy31_ws/src/SY31-Cartographie-Guidee-P26/projet/install/projet/lib/python3.12/site-packages:${PYTHONPATH} /usr/bin/python3 -W ignore:setup.py install is deprecated -W ignore:easy_install command is deprecated setup.py egg_info --egg-base build/projet build --build-base /home/chttioui/sy31_ws/src/SY31-Cartographie-Guidee-P26/projet/build/projet/build install --record /home/chttioui/sy31_ws/src/SY31-Cartographie-Guidee-P26/projet/build/projet/install.log --single-version-externally-managed install_data
[1.636s] running egg_info
[1.636s] creating build/projet/projet.egg-info
[1.660s] writing build/projet/projet.egg-info/PKG-INFO
[1.660s] writing dependency_links to build/projet/projet.egg-info/dependency_links.txt
[1.660s] writing entry points to build/projet/projet.egg-info/entry_points.txt
[1.661s] writing requirements to build/projet/projet.egg-info/requires.txt
[1.661s] writing top-level names to build/projet/projet.egg-info/top_level.txt
[1.661s] writing manifest file 'build/projet/projet.egg-info/SOURCES.txt'
[1.709s] reading manifest file 'build/projet/projet.egg-info/SOURCES.txt'
[1.709s] writing manifest file 'build/projet/projet.egg-info/SOURCES.txt'
[1.710s] running build
[1.710s] running build_py
[1.710s] creating /home/chttioui/sy31_ws/src/SY31-Cartographie-Guidee-P26/projet/build/projet/build
[1.710s] creating /home/chttioui/sy31_ws/src/SY31-Cartographie-Guidee-P26/projet/build/projet/build/lib
[1.710s] creating /home/chttioui/sy31_ws/src/SY31-Cartographie-Guidee-P26/projet/build/projet/build/lib/projet
[1.710s] copying projet/__init__.py -> /home/chttioui/sy31_ws/src/SY31-Cartographie-Guidee-P26/projet/build/projet/build/lib/projet
[1.710s] copying projet/odom_node.py -> /home/chttioui/sy31_ws/src/SY31-Cartographie-Guidee-P26/projet/build/projet/build/lib/projet
[1.710s] copying projet/clusterer.py -> /home/chttioui/sy31_ws/src/SY31-Cartographie-Guidee-P26/projet/build/projet/build/lib/projet
[1.711s] copying projet/arrow_detector.py -> /home/chttioui/sy31_ws/src/SY31-Cartographie-Guidee-P26/projet/build/projet/build/lib/projet
[1.711s] copying projet/arrow_clusterer.py -> /home/chttioui/sy31_ws/src/SY31-Cartographie-Guidee-P26/projet/build/projet/build/lib/projet
[1.711s] copying projet/intensity_filter.py -> /home/chttioui/sy31_ws/src/SY31-Cartographie-Guidee-P26/projet/build/projet/build/lib/projet
[1.712s] copying projet/transformer.py -> /home/chttioui/sy31_ws/src/SY31-Cartographie-Guidee-P26/projet/build/projet/build/lib/projet
[1.712s] copying projet/tf_publisher.py -> /home/chttioui/sy31_ws/src/SY31-Cartographie-Guidee-P26/projet/build/projet/build/lib/projet
[1.712s] copying projet/utils.py -> /home/chttioui/sy31_ws/src/SY31-Cartographie-Guidee-P26/projet/build/projet/build/lib/projet
[1.713s] copying projet/map_transformer.py -> /home/chttioui/sy31_ws/src/SY31-Cartographie-Guidee-P26/projet/build/projet/build/lib/projet
[1.713s] running install
[1.721s] running install_lib
[1.745s] creating /home/chttioui/sy31_ws/src/SY31-Cartographie-Guidee-P26/projet/install/projet/lib/python3.12/site-packages/projet
[1.745s] copying /home/chttioui/sy31_ws/src/SY31-Cartographie-Guidee-P26/projet/build/projet/build/lib/projet/__init__.py -> /home/chttioui/sy31_ws/src/SY31-Cartographie-Guidee-P26/projet/install/projet/lib/python3.12/site-packages/projet
[1.745s] copying /home/chttioui/sy31_ws/src/SY31-Cartographie-Guidee-P26/projet/build/projet/build/lib/projet/odom_node.py -> /home/chttioui/sy31_ws/src/SY31-Cartographie-Guidee-P26/projet/install/projet/lib/python3.12/site-packages/projet
[1.746s] copying /home/chttioui/sy31_ws/src/SY31-Cartographie-Guidee-P26/projet/build/projet/build/lib/projet/clusterer.py -> /home/chttioui/sy31_ws/src/SY31-Cartographie-Guidee-P26/projet/install/projet/lib/python3.12/site-packages/projet
[1.746s] copying /home/chttioui/sy31_ws/src/SY31-Cartographie-Guidee-P26/projet/build/projet/build/lib/projet/arrow_detector.py -> /home/chttioui/sy31_ws/src/SY31-Cartographie-Guidee-P26/projet/install/projet/lib/python3.12/site-packages/projet
[1.746s] copying /home/chttioui/sy31_ws/src/SY31-Cartographie-Guidee-P26/projet/build/projet/build/lib/projet/arrow_clusterer.py -> /home/chttioui/sy31_ws/src/SY31-Cartographie-Guidee-P26/projet/install/projet/lib/python3.12/site-packages/projet
[1.746s] copying /home/chttioui/sy31_ws/src/SY31-Cartographie-Guidee-P26/projet/build/projet/build/lib/projet/intensity_filter.py -> /home/chttioui/sy31_ws/src/SY31-Cartographie-Guidee-P26/projet/install/projet/lib/python3.12/site-packages/projet
[1.746s] copying /home/chttioui/sy31_ws/src/SY31-Cartographie-Guidee-P26/projet/build/projet/build/lib/projet/transformer.py -> /home/chttioui/sy31_ws/src/SY31-Cartographie-Guidee-P26/projet/install/projet/lib/python3.12/site-packages/projet
[1.746s] copying /home/chttioui/sy31_ws/src/SY31-Cartographie-Guidee-P26/projet/build/projet/build/lib/projet/tf_publisher.py -> /home/chttioui/sy31_ws/src/SY31-Cartographie-Guidee-P26/projet/install/projet/lib/python3.12/site-packages/projet
[1.746s] copying /home/chttioui/sy31_ws/src/SY31-Cartographie-Guidee-P26/projet/build/projet/build/lib/projet/utils.py -> /home/chttioui/sy31_ws/src/SY31-Cartographie-Guidee-P26/projet/install/projet/lib/python3.12/site-packages/projet
[1.746s] copying /home/chttioui/sy31_ws/src/SY31-Cartographie-Guidee-P26/projet/build/projet/build/lib/projet/map_transformer.py -> /home/chttioui/sy31_ws/src/SY31-Cartographie-Guidee-P26/projet/install/projet/lib/python3.12/site-packages/projet
[1.747s] byte-compiling /home/chttioui/sy31_ws/src/SY31-Cartographie-Guidee-P26/projet/install/projet/lib/python3.12/site-packages/projet/__init__.py to __init__.cpython-312.pyc
[1.747s] byte-compiling /home/chttioui/sy31_ws/src/SY31-Cartographie-Guidee-P26/projet/install/projet/lib/python3.12/site-packages/projet/odom_node.py to odom_node.cpython-312.pyc
[1.748s] byte-compiling /home/chttioui/sy31_ws/src/SY31-Cartographie-Guidee-P26/projet/install/projet/lib/python3.12/site-packages/projet/clusterer.py to clusterer.cpython-312.pyc
[1.750s] byte-compiling /home/chttioui/sy31_ws/src/SY31-Cartographie-Guidee-P26/projet/install/projet/lib/python3.12/site-packages/projet/arrow_detector.py to arrow_detector.cpython-312.pyc
[1.751s] byte-compiling /home/chttioui/sy31_ws/src/SY31-Cartographie-Guidee-P26/projet/install/projet/lib/python3.12/site-packages/projet/arrow_clusterer.py to arrow_clusterer.cpython-312.pyc
[1.752s] byte-compiling /home/chttioui/sy31_ws/src/SY31-Cartographie-Guidee-P26/projet/install/projet/lib/python3.12/site-packages/projet/intensity_filter.py to intensity_filter.cpython-312.pyc
[1.753s] byte-compiling /home/chttioui/sy31_ws/src/SY31-Cartographie-Guidee-P26/projet/install/projet/lib/python3.12/site-packages/projet/transformer.py to transformer.cpython-312.pyc
[1.753s] byte-compiling /home/chttioui/sy31_ws/src/SY31-Cartographie-Guidee-P26/projet/install/projet/lib/python3.12/site-packages/projet/tf_publisher.py to tf_publisher.cpython-312.pyc
[1.754s] byte-compiling /home/chttioui/sy31_ws/src/SY31-Cartographie-Guidee-P26/projet/install/projet/lib/python3.12/site-packages/projet/utils.py to utils.cpython-312.pyc
[1.755s] byte-compiling /home/chttioui/sy31_ws/src/SY31-Cartographie-Guidee-P26/projet/install/projet/lib/python3.12/site-packages/projet/map_transformer.py to map_transformer.cpython-312.pyc
[1.756s] running install_data
[1.756s] creating /home/chttioui/sy31_ws/src/SY31-Cartographie-Guidee-P26/projet/install/projet/share/ament_index
[1.756s] creating /home/chttioui/sy31_ws/src/SY31-Cartographie-Guidee-P26/projet/install/projet/share/ament_index/resource_index
[1.756s] creating /home/chttioui/sy31_ws/src/SY31-Cartographie-Guidee-P26/projet/install/projet/share/ament_index/resource_index/packages
[1.756s] copying resource/projet -> /home/chttioui/sy31_ws/src/SY31-Cartographie-Guidee-P26/projet/install/projet/share/ament_index/resource_index/packages
[1.756s] copying package.xml -> /home/chttioui/sy31_ws/src/SY31-Cartographie-Guidee-P26/projet/install/projet/share/projet
[1.757s] creating /home/chttioui/sy31_ws/src/SY31-Cartographie-Guidee-P26/projet/install/projet/share/projet/launch
[1.757s] copying launch/labyrinthe.launch.xml -> /home/chttioui/sy31_ws/src/SY31-Cartographie-Guidee-P26/projet/install/projet/share/projet/launch
[1.757s] creating /home/chttioui/sy31_ws/src/SY31-Cartographie-Guidee-P26/projet/install/projet/share/projet/rviz
[1.757s] copying rviz/projet.rviz -> /home/chttioui/sy31_ws/src/SY31-Cartographie-Guidee-P26/projet/install/projet/share/projet/rviz
[1.757s] running install_egg_info
[1.782s] Copying build/projet/projet.egg-info to /home/chttioui/sy31_ws/src/SY31-Cartographie-Guidee-P26/projet/install/projet/lib/python3.12/site-packages/projet-0.0.0-py3.12.egg-info
[1.783s] running install_scripts
[1.943s] Installing arrow_clusterer script to /home/chttioui/sy31_ws/src/SY31-Cartographie-Guidee-P26/projet/install/projet/lib/projet
[1.944s] Installing arrow_detector script to /home/chttioui/sy31_ws/src/SY31-Cartographie-Guidee-P26/projet/install/projet/lib/projet
[1.944s] Installing cluster script to /home/chttioui/sy31_ws/src/SY31-Cartographie-Guidee-P26/projet/install/projet/lib/projet
[1.944s] Installing inten script to /home/chttioui/sy31_ws/src/SY31-Cartographie-Guidee-P26/projet/install/projet/lib/projet
[1.944s] Installing map_transformer script to /home/chttioui/sy31_ws/src/SY31-Cartographie-Guidee-P26/projet/install/projet/lib/projet
[1.944s] Installing odom_node script to /home/chttioui/sy31_ws/src/SY31-Cartographie-Guidee-P26/projet/install/projet/lib/projet
[1.944s] Installing tf_publisher script to /home/chttioui/sy31_ws/src/SY31-Cartographie-Guidee-P26/projet/install/projet/lib/projet
[1.944s] Installing trans script to /home/chttioui/sy31_ws/src/SY31-Cartographie-Guidee-P26/projet/install/projet/lib/projet
[1.945s] writing list of installed files to '/home/chttioui/sy31_ws/src/SY31-Cartographie-Guidee-P26/projet/build/projet/install.log'
[1.982s] Invoked command in '/home/chttioui/sy31_ws/src/SY31-Cartographie-Guidee-P26/projet' returned '0': DEBUGINFOD_URLS=https://debuginfod.ubuntu.com PYTHONPATH=/home/chttioui/sy31_ws/src/SY31-Cartographie-Guidee-P26/projet/build/projet/prefix_override:/usr/lib/python3/dist-packages/colcon_core/task/python/colcon_distutils_commands:/home/chttioui/sy31_ws/src/SY31-Cartographie-Guidee-P26/projet/install/projet/lib/python3.12/site-packages:${PYTHONPATH} /usr/bin/python3 -W ignore:setup.py install is deprecated -W ignore:easy_install command is deprecated setup.py egg_info --egg-base build/projet build --build-base /home/chttioui/sy31_ws/src/SY31-Cartographie-Guidee-P26/projet/build/projet/build install --record /home/chttioui/sy31_ws/src/SY31-Cartographie-Guidee-P26/projet/build/projet/install.log --single-version-externally-managed install_data
