/home/chttioui/sy31_ws/src/SY31-Cartographie-Guidee-P26/projet/install/projet/lib/python3.12/site-packages/projet/__init__.py
/home/chttioui/sy31_ws/src/SY31-Cartographie-Guidee-P26/projet/install/projet/lib/python3.12/site-packages/projet/odom_node.py
/home/chttioui/sy31_ws/src/SY31-Cartographie-Guidee-P26/projet/install/projet/lib/python3.12/site-packages/projet/clusterer.py
/home/chttioui/sy31_ws/src/SY31-Cartographie-Guidee-P26/projet/install/projet/lib/python3.12/site-packages/projet/arrow_detector.py
/home/chttioui/sy31_ws/src/SY31-Cartographie-Guidee-P26/projet/install/projet/lib/python3.12/site-packages/projet/arrow_clusterer.py
/home/chttioui/sy31_ws/src/SY31-Cartographie-Guidee-P26/projet/install/projet/lib/python3.12/site-packages/projet/intensity_filter.py
/home/chttioui/sy31_ws/src/SY31-Cartographie-Guidee-P26/projet/install/projet/lib/python3.12/site-packages/projet/transformer.py
/home/chttioui/sy31_ws/src/SY31-Cartographie-Guidee-P26/projet/install/projet/lib/python3.12/site-packages/projet/tf_publisher.py
/home/chttioui/sy31_ws/src/SY31-Cartographie-Guidee-P26/projet/install/projet/lib/python3.12/site-packages/projet/utils.py
/home/chttioui/sy31_ws/src/SY31-Cartographie-Guidee-P26/projet/install/projet/lib/python3.12/site-packages/projet/map_transformer.py
/home/chttioui/sy31_ws/src/SY31-Cartographie-Guidee-P26/projet/install/projet/lib/python3.12/site-packages/projet/__pycache__/__init__.cpython-312.pyc
/home/chttioui/sy31_ws/src/SY31-Cartographie-Guidee-P26/projet/install/projet/lib/python3.12/site-packages/projet/__pycache__/odom_node.cpython-312.pyc
/home/chttioui/sy31_ws/src/SY31-Cartographie-Guidee-P26/projet/install/projet/lib/python3.12/site-packages/projet/__pycache__/clusterer.cpython-312.pyc
/home/chttioui/sy31_ws/src/SY31-Cartographie-Guidee-P26/projet/install/projet/lib/python3.12/site-packages/projet/__pycache__/arrow_detector.cpython-312.pyc
/home/chttioui/sy31_ws/src/SY31-Cartographie-Guidee-P26/projet/install/projet/lib/python3.12/site-packages/projet/__pycache__/arrow_clusterer.cpython-312.pyc
/home/chttioui/sy31_ws/src/SY31-Cartographie-Guidee-P26/projet/install/projet/lib/python3.12/site-packages/projet/__pycache__/intensity_filter.cpython-312.pyc
/home/chttioui/sy31_ws/src/SY31-Cartographie-Guidee-P26/projet/install/projet/lib/python3.12/site-packages/projet/__pycache__/transformer.cpython-312.pyc
/home/chttioui/sy31_ws/src/SY31-Cartographie-Guidee-P26/projet/install/projet/lib/python3.12/site-packages/projet/__pycache__/tf_publisher.cpython-312.pyc
/home/chttioui/sy31_ws/src/SY31-Cartographie-Guidee-P26/projet/install/projet/lib/python3.12/site-packages/projet/__pycache__/utils.cpython-312.pyc
/home/chttioui/sy31_ws/src/SY31-Cartographie-Guidee-P26/projet/install/projet/lib/python3.12/site-packages/projet/__pycache__/map_transformer.cpython-312.pyc
/home/chttioui/sy31_ws/src/SY31-Cartographie-Guidee-P26/projet/install/projet/share/ament_index/resource_index/packages/projet
/home/chttioui/sy31_ws/src/SY31-Cartographie-Guidee-P26/projet/install/projet/share/projet/package.xml
/home/chttioui/sy31_ws/src/SY31-Cartographie-Guidee-P26/projet/install/projet/share/projet/launch/labyrinthe.launch.xml
/home/chttioui/sy31_ws/src/SY31-Cartographie-Guidee-P26/projet/install/projet/share/projet/rviz/projet.rviz
/home/chttioui/sy31_ws/src/SY31-Cartographie-Guidee-P26/projet/install/projet/lib/python3.12/site-packages/projet-0.0.0-py3.12.egg-info/zip-safe
/home/chttioui/sy31_ws/src/SY31-Cartographie-Guidee-P26/projet/install/projet/lib/python3.12/site-packages/projet-0.0.0-py3.12.egg-info/PKG-INFO
/home/chttioui/sy31_ws/src/SY31-Cartographie-Guidee-P26/projet/install/projet/lib/python3.12/site-packages/projet-0.0.0-py3.12.egg-info/top_level.txt
/home/chttioui/sy31_ws/src/SY31-Cartographie-Guidee-P26/projet/install/projet/lib/python3.12/site-packages/projet-0.0.0-py3.12.egg-info/dependency_links.txt
/home/chttioui/sy31_ws/src/SY31-Cartographie-Guidee-P26/projet/install/projet/lib/python3.12/site-packages/projet-0.0.0-py3.12.egg-info/SOURCES.txt
/home/chttioui/sy31_ws/src/SY31-Cartographie-Guidee-P26/projet/install/projet/lib/python3.12/site-packages/projet-0.0.0-py3.12.egg-info/entry_points.txt
/home/chttioui/sy31_ws/src/SY31-Cartographie-Guidee-P26/projet/install/projet/lib/python3.12/site-packages/projet-0.0.0-py3.12.egg-info/requires.txt
/home/chttioui/sy31_ws/src/SY31-Cartographie-Guidee-P26/projet/install/projet/lib/projet/arrow_clusterer
/home/chttioui/sy31_ws/src/SY31-Cartographie-Guidee-P26/projet/install/projet/lib/projet/arrow_detector
/home/chttioui/sy31_ws/src/SY31-Cartographie-Guidee-P26/projet/install/projet/lib/projet/cluster
/home/chttioui/sy31_ws/src/SY31-Cartographie-Guidee-P26/projet/install/projet/lib/projet/inten
/home/chttioui/sy31_ws/src/SY31-Cartographie-Guidee-P26/projet/install/projet/lib/projet/map_transformer
/home/chttioui/sy31_ws/src/SY31-Cartographie-Guidee-P26/projet/install/projet/lib/projet/odom_node
/home/chttioui/sy31_ws/src/SY31-Cartographie-Guidee-P26/projet/install/projet/lib/projet/tf_publisher
/home/chttioui/sy31_ws/src/SY31-Cartographie-Guidee-P26/projet/install/projet/lib/projet/trans
